<?xml version="1.0" encoding="UTF-8"?>
<Site BuildName="Darwin-clang++"
	BuildStamp="20221117-2238-Experimental"
	Name="jor.dhcp.wustl.edu"
	Generator="ctest-3.24.3"
	CompilerName="/usr/bin/clang++"
	CompilerVersion="13.1.6.13160021"
	OSName="macOS"
	Hostname="jor.dhcp.wustl.edu"
	OSRelease="12.5"
	OSVersion="21G72"
	OSPlatform="arm64"
	Is64Bits="1"
	VendorString="IBM"
	VendorID="IBM"
	FamilyID="16777228"
	ModelID="2"
	ProcessorCacheSize="131072"
	NumberOfLogicalCPU="8"
	NumberOfPhysicalCPU="8"
	TotalVirtualMemory="2048"
	TotalPhysicalMemory="8192"
	LogicalProcessorsPerPhysical="8"
	ProcessorClockFrequency="0"
	>
	<Testing>
		<StartDateTime>Nov 17 16:41 CST</StartDateTime>
		<StartTestTime>1668724896</StartTestTime>
		<TestList>
			<Test>./GraphTest</Test>
			<Test>./NodeTest</Test>
			<Test>./ParseDiamondGraph</Test>
			<Test>./ParseGraph</Test>
		</TestList>
		<Test Status="passed">
			<Name>GraphTest</Name>
			<Path>.</Path>
			<FullName>./GraphTest</FullName>
			<FullCommandLine>/Users/jor/Documents/School/WashU/FL2022/Student/M&amp;G\ Research/M\ Assist/build/GraphTest</FullCommandLine>
			<Results>
				<NamedMeasurement type="numeric/double" name="Execution Time">
					<Value>0.00165804</Value>
				</NamedMeasurement>
				<NamedMeasurement type="numeric/double" name="Processors">
					<Value>1</Value>
				</NamedMeasurement>
				<NamedMeasurement type="text/string" name="Completion Status">
					<Value>Completed</Value>
				</NamedMeasurement>
				<NamedMeasurement type="text/string" name="Command Line">
					<Value>/Users/jor/Documents/School/WashU/FL2022/Student/M&amp;G\ Research/M\ Assist/build/GraphTest</Value>
				</NamedMeasurement>
				<NamedMeasurement type="text/string" name="Environment">
					<Value>#CTEST_RESOURCE_GROUP_COUNT=</Value>
				</NamedMeasurement>
				<Measurement>
					<Value encoding="base64" compression="gzip">eJyNjEsOgzAMRPc5hQ9QJPpZddEdBwmxA5ECpo4RcPtGhZZtNmNL8940IixPGBkph4I9X8/ziKYpBBJFX0XmKRPVKweSklP6A4Qd7V0+UcjiBrSGpOlHuM1Fgm5Hvhs5unPIQm8T1CD0nikpS7rAErTP4GBXmCSwBN2APVxr8MIDWNOWS7dDao0rl+6H5AyWS49DQvMB6e2Ang==</Value>
				</Measurement>
			</Results>
		</Test>
		<Test Status="passed">
			<Name>NodeTest</Name>
			<Path>.</Path>
			<FullName>./NodeTest</FullName>
			<FullCommandLine>/Users/jor/Documents/School/WashU/FL2022/Student/M&amp;G\ Research/M\ Assist/build/NodeTest</FullCommandLine>
			<Results>
				<NamedMeasurement type="numeric/double" name="Execution Time">
					<Value>0.00173158</Value>
				</NamedMeasurement>
				<NamedMeasurement type="numeric/double" name="Processors">
					<Value>1</Value>
				</NamedMeasurement>
				<NamedMeasurement type="text/string" name="Completion Status">
					<Value>Completed</Value>
				</NamedMeasurement>
				<NamedMeasurement type="text/string" name="Command Line">
					<Value>/Users/jor/Documents/School/WashU/FL2022/Student/M&amp;G\ Research/M\ Assist/build/NodeTest</Value>
				</NamedMeasurement>
				<NamedMeasurement type="text/string" name="Environment">
					<Value>#CTEST_RESOURCE_GROUP_COUNT=</Value>
				</NamedMeasurement>
				<Measurement>
					<Value encoding="base64" compression="gzip">eJyVzsENgCAQBdH7VvEL8KBoQwuCcjDoglG7NyEkXtcCXmYYK2f0EH+cPpckucMVywrGxjd2iUlieZAChh5B0gYmq0emIUtOj8aGHM16NDU0k6/I/NsLevSVloqmf+gFrR99yA==</Value>
				</Measurement>
			</Results>
		</Test>
		<Test Status="failed">
			<Name>ParseDiamondGraph</Name>
			<Path>.</Path>
			<FullName>./ParseDiamondGraph</FullName>
			<FullCommandLine>/Users/jor/Documents/School/WashU/FL2022/Student/M&amp;G\ Research/M\ Assist/build/DAGParser "/Users/jor/Documents/School/WashU/FL2022/Student/M&amp;G Research/M Assist/TestFiles/diamond-graph.dot" "/Users/jor/Documents/School/WashU/FL2022/Student/M&amp;G Research/M Assist/TestFiles/diamond-task-system.camkes"</FullCommandLine>
			<Results>
				<NamedMeasurement type="text/string" name="Exit Code">
					<Value>SEGFAULT</Value>
				</NamedMeasurement>
				<NamedMeasurement type="text/string" name="Exit Value">
					<Value>0</Value>
				</NamedMeasurement>
				<NamedMeasurement type="numeric/double" name="Execution Time">
					<Value>0.0159839</Value>
				</NamedMeasurement>
				<NamedMeasurement type="numeric/double" name="Processors">
					<Value>1</Value>
				</NamedMeasurement>
				<NamedMeasurement type="text/string" name="Completion Status">
					<Value>Completed</Value>
				</NamedMeasurement>
				<NamedMeasurement type="text/string" name="Command Line">
					<Value>/Users/jor/Documents/School/WashU/FL2022/Student/M&amp;G\ Research/M\ Assist/build/DAGParser "/Users/jor/Documents/School/WashU/FL2022/Student/M&amp;G Research/M Assist/TestFiles/diamond-graph.dot" "/Users/jor/Documents/School/WashU/FL2022/Student/M&amp;G Research/M Assist/TestFiles/diamond-task-system.camkes"</Value>
				</NamedMeasurement>
				<NamedMeasurement type="text/string" name="Environment">
					<Value>#CTEST_RESOURCE_GROUP_COUNT=</Value>
				</NamedMeasurement>
				<Measurement>
					<Value encoding="base64" compression="gzip">eJyFkDEKgDAMRXdP0Qs4qJuD4EmkNkEC2pTSweOLRRH8Ftf3fpJPRiImM+tuvBL3JsnGsRrftEHUIuoABQnIoga72CTqwUlw94CT6Fa+uFPvp2cZ05JbmXooqLaobngGHvdxDWri6lKk+428ZW4DWWyVH3QAplGU+A==</Value>
				</Measurement>
			</Results>
		</Test>
		<Test Status="passed">
			<Name>ParseGraph</Name>
			<Path>.</Path>
			<FullName>./ParseGraph</FullName>
			<FullCommandLine>/Users/jor/Documents/School/WashU/FL2022/Student/M&amp;G\ Research/M\ Assist/build/DAGParser "/Users/jor/Documents/School/WashU/FL2022/Student/M&amp;G Research/M Assist/TestFiles/graph.dot" "/Users/jor/Documents/School/WashU/FL2022/Student/M&amp;G Research/M Assist/TestFiles/task-system.camkes"</FullCommandLine>
			<Results>
				<NamedMeasurement type="numeric/double" name="Execution Time">
					<Value>0.0810104</Value>
				</NamedMeasurement>
				<NamedMeasurement type="numeric/double" name="Processors">
					<Value>1</Value>
				</NamedMeasurement>
				<NamedMeasurement type="text/string" name="Completion Status">
					<Value>Completed</Value>
				</NamedMeasurement>
				<NamedMeasurement type="text/string" name="Command Line">
					<Value>/Users/jor/Documents/School/WashU/FL2022/Student/M&amp;G\ Research/M\ Assist/build/DAGParser "/Users/jor/Documents/School/WashU/FL2022/Student/M&amp;G Research/M Assist/TestFiles/graph.dot" "/Users/jor/Documents/School/WashU/FL2022/Student/M&amp;G Research/M Assist/TestFiles/task-system.camkes"</Value>
				</NamedMeasurement>
				<NamedMeasurement type="text/string" name="Environment">
					<Value>#CTEST_RESOURCE_GROUP_COUNT=</Value>
				</NamedMeasurement>
				<Measurement>
					<Value encoding="base64" compression="gzip">eJyVkk1uwyAQhfc+xVygKMZeVWqlbCp1n11VRQ5M7ZFiQBi3ye0L/k2DUZWd/b03M2+AvZQo4aQvoLTEZ3DUos329zSPEY9REaMyQoZMzKw2VV050irSyIi5QJAVZ5y40Eod12Yo6yEoPL0mJJ6UZhgMq7YxLYo5tS7W1ilL+a/lXhzSRN441c0BjY2mTRLi3wHbpoUGS+oCDFrSksTGBWxLPC0VaalMSjMMhvHdvtdKW69Lqlqt5O2bZmjI8WPYjI2gNm74XaqmgUFcWj5WlnbHGR8se9O9X8j4jS2563DQL5DvYs49LzZ44TmPOGMs+zg01IGprAP9Ba5BcNj5796Z3sFP1YHFVn/7zB0pgUAO8CIQZTeaG4tdo88yVOc7XsLp6huwz+wX8xZ9ew==</Value>
				</Measurement>
			</Results>
		</Test>
		<EndDateTime>Nov 17 16:41 CST</EndDateTime>
		<EndTestTime>1668724896</EndTestTime>
		<ElapsedMinutes>0</ElapsedMinutes>
	</Testing>
</Site>
