<?xml version="1.0" encoding="UTF-8"?>
<Site BuildName="Darwin-clang++"
	BuildStamp="20221121-1751-Experimental"
	Name="jor.dhcp.wustl.edu"
	Generator="ctest-3.24.3"
	CompilerName="/usr/bin/clang++"
	CompilerVersion="13.1.6.13160021"
	OSName="macOS"
	Hostname="jor.dhcp.wustl.edu"
	OSRelease="12.5"
	OSVersion="21G72"
	OSPlatform="arm64"
	Is64Bits="1"
	VendorString="IBM"
	VendorID="IBM"
	FamilyID="16777228"
	ModelID="2"
	ProcessorCacheSize="131072"
	NumberOfLogicalCPU="8"
	NumberOfPhysicalCPU="8"
	TotalVirtualMemory="2048"
	TotalPhysicalMemory="8192"
	LogicalProcessorsPerPhysical="8"
	ProcessorClockFrequency="0"
	>
	<Testing>
		<StartDateTime>Nov 21 14:03 CST</StartDateTime>
		<StartTestTime>1669060994</StartTestTime>
		<TestList>
			<Test>./GraphTest</Test>
			<Test>./NodeTest</Test>
			<Test>./ParseDiamondGraph</Test>
			<Test>./ParseGraph</Test>
		</TestList>
		<Test Status="passed">
			<Name>GraphTest</Name>
			<Path>.</Path>
			<FullName>./GraphTest</FullName>
			<FullCommandLine>/Users/jor/Documents/School/WashU/FL2022/Student/M&amp;G\ Research/M\ Assist/build/GraphTest</FullCommandLine>
			<Results>
				<NamedMeasurement type="numeric/double" name="Execution Time">
					<Value>0.207157</Value>
				</NamedMeasurement>
				<NamedMeasurement type="numeric/double" name="Processors">
					<Value>1</Value>
				</NamedMeasurement>
				<NamedMeasurement type="text/string" name="Completion Status">
					<Value>Completed</Value>
				</NamedMeasurement>
				<NamedMeasurement type="text/string" name="Command Line">
					<Value>/Users/jor/Documents/School/WashU/FL2022/Student/M&amp;G\ Research/M\ Assist/build/GraphTest</Value>
				</NamedMeasurement>
				<NamedMeasurement type="text/string" name="Environment">
					<Value>#CTEST_RESOURCE_GROUP_COUNT=</Value>
				</NamedMeasurement>
				<Measurement>
					<Value encoding="base64" compression="gzip">eJyNjEsOgzAMRPc5hQ9QJPpZddEdBwmxA5ECpo4RcPtGhZZtNmNL8940IixPGBkph4I9X8/ziKYpBBJFX0XmKRPVKweSklP6A4Qd7V0+UcjiBrSGpOlHuM1Fgm5Hvhs5unPIQm8T1CD0nikpS7rAErTP4GBXmCSwBN2APVxr8MIDWNOWS7dDao0rl+6H5AyWS49DQvMB6e2Ang==</Value>
				</Measurement>
			</Results>
		</Test>
		<Test Status="passed">
			<Name>NodeTest</Name>
			<Path>.</Path>
			<FullName>./NodeTest</FullName>
			<FullCommandLine>/Users/jor/Documents/School/WashU/FL2022/Student/M&amp;G\ Research/M\ Assist/build/NodeTest</FullCommandLine>
			<Results>
				<NamedMeasurement type="numeric/double" name="Execution Time">
					<Value>0.314611</Value>
				</NamedMeasurement>
				<NamedMeasurement type="numeric/double" name="Processors">
					<Value>1</Value>
				</NamedMeasurement>
				<NamedMeasurement type="text/string" name="Completion Status">
					<Value>Completed</Value>
				</NamedMeasurement>
				<NamedMeasurement type="text/string" name="Command Line">
					<Value>/Users/jor/Documents/School/WashU/FL2022/Student/M&amp;G\ Research/M\ Assist/build/NodeTest</Value>
				</NamedMeasurement>
				<NamedMeasurement type="text/string" name="Environment">
					<Value>#CTEST_RESOURCE_GROUP_COUNT=</Value>
				</NamedMeasurement>
				<Measurement>
					<Value encoding="base64" compression="gzip">eJwzqDA0TjEzMDNLsTCAMs3NEMw0ONPCAs60NEQwE+HMRGMLLgARLBOT====</Value>
				</Measurement>
			</Results>
		</Test>
		<Test Status="passed">
			<Name>ParseDiamondGraph</Name>
			<Path>.</Path>
			<FullName>./ParseDiamondGraph</FullName>
			<FullCommandLine>/Users/jor/Documents/School/WashU/FL2022/Student/M&amp;G\ Research/M\ Assist/build/DAGParser "/Users/jor/Documents/School/WashU/FL2022/Student/M&amp;G Research/M Assist/TestFiles/diamond-graph.dot" "/Users/jor/Documents/School/WashU/FL2022/Student/M&amp;G Research/M Assist/TestFiles/diamond-task-system.camkes"</FullCommandLine>
			<Results>
				<NamedMeasurement type="numeric/double" name="Execution Time">
					<Value>0.358591</Value>
				</NamedMeasurement>
				<NamedMeasurement type="numeric/double" name="Processors">
					<Value>1</Value>
				</NamedMeasurement>
				<NamedMeasurement type="text/string" name="Completion Status">
					<Value>Completed</Value>
				</NamedMeasurement>
				<NamedMeasurement type="text/string" name="Command Line">
					<Value>/Users/jor/Documents/School/WashU/FL2022/Student/M&amp;G\ Research/M\ Assist/build/DAGParser "/Users/jor/Documents/School/WashU/FL2022/Student/M&amp;G Research/M Assist/TestFiles/diamond-graph.dot" "/Users/jor/Documents/School/WashU/FL2022/Student/M&amp;G Research/M Assist/TestFiles/diamond-task-system.camkes"</Value>
				</NamedMeasurement>
				<NamedMeasurement type="text/string" name="Environment">
					<Value>#CTEST_RESOURCE_GROUP_COUNT=</Value>
				</NamedMeasurement>
				<Measurement>
					<Value encoding="base64" compression="gzip">eJyd0MENwjAQRNG7q5gCOMR2RSvkkD2YXdaDgO6RIkXK0VDA0x8NtbfAJgMV0R7PNmgxLngpNwi6vOGhFsoPbEVdsIZ1sCbmnS0zLB8sJ5Z5Vg5WEus8O4109d2VH3Me5nITqt3n/amrfvW/Xk1fpluImg==</Value>
				</Measurement>
			</Results>
		</Test>
		<Test Status="passed">
			<Name>ParseGraph</Name>
			<Path>.</Path>
			<FullName>./ParseGraph</FullName>
			<FullCommandLine>/Users/jor/Documents/School/WashU/FL2022/Student/M&amp;G\ Research/M\ Assist/build/DAGParser "/Users/jor/Documents/School/WashU/FL2022/Student/M&amp;G Research/M Assist/TestFiles/graph.dot" "/Users/jor/Documents/School/WashU/FL2022/Student/M&amp;G Research/M Assist/TestFiles/task-system.camkes"</FullCommandLine>
			<Results>
				<NamedMeasurement type="numeric/double" name="Execution Time">
					<Value>0.361266</Value>
				</NamedMeasurement>
				<NamedMeasurement type="numeric/double" name="Processors">
					<Value>1</Value>
				</NamedMeasurement>
				<NamedMeasurement type="text/string" name="Completion Status">
					<Value>Completed</Value>
				</NamedMeasurement>
				<NamedMeasurement type="text/string" name="Command Line">
					<Value>/Users/jor/Documents/School/WashU/FL2022/Student/M&amp;G\ Research/M\ Assist/build/DAGParser "/Users/jor/Documents/School/WashU/FL2022/Student/M&amp;G Research/M Assist/TestFiles/graph.dot" "/Users/jor/Documents/School/WashU/FL2022/Student/M&amp;G Research/M Assist/TestFiles/task-system.camkes"</Value>
				</NamedMeasurement>
				<NamedMeasurement type="text/string" name="Environment">
					<Value>#CTEST_RESOURCE_GROUP_COUNT=</Value>
				</NamedMeasurement>
				<Measurement>
					<Value encoding="base64" compression="gzip">eJyd0UsKwzAMBNC9TzEH6CL+XMgEp9HClSortL19IWDIUu0BHjPDGPWm2OtAgbbn0YaxjhteZDsqen1DlFjJPuANZcGm3GElWDzZ4mFxshgs+VmeLAXLfpYmy8GKn122Ccnp0o8tRVnqvRrxw+8vuSSr/HVG+ALSvJsk====</Value>
				</Measurement>
			</Results>
		</Test>
		<EndDateTime>Nov 21 14:03 CST</EndDateTime>
		<EndTestTime>1669060994</EndTestTime>
		<ElapsedMinutes>0</ElapsedMinutes>
	</Testing>
</Site>
