Start testing: Nov 24 22:08 CST
----------------------------------------------------------
1/4 Testing: NodeTest
1/4 Test: NodeTest
Command: "/Users/jor/Documents/School/WashU/FL2022/Student/M&G Research/M Assist/build/NodeTest"
Directory: /Users/jor/Documents/School/WashU/FL2022/Student/M&G Research/M Assist/build
"NodeTest" start time: Nov 24 22:08 CST
Output:
----------------------------------------------------------
e.r_priority = 20;
e.r_num_threads = 2;
f.r_priority = 40;
f.r_num_threads = 2;
g.r_priority = 40;
g.r_num_threads = 1;
<end of output>
Test time =   0.12 sec
----------------------------------------------------------
Test Passed.
"NodeTest" end time: Nov 24 22:08 CST
"NodeTest" time elapsed: 00:00:00
----------------------------------------------------------

4/4 Testing: ParseDiamondGraph
4/4 Test: ParseDiamondGraph
Command: "/Users/jor/Documents/School/WashU/FL2022/Student/M&G Research/M Assist/build/DAGParser" "/Users/jor/Documents/School/WashU/FL2022/Student/M&G Research/M Assist/TestFiles/diamond-graph.dot" "/Users/jor/Documents/School/WashU/FL2022/Student/M&G Research/M Assist/TestFiles/diamond-task-system.camkes"
Directory: /Users/jor/Documents/School/WashU/FL2022/Student/M&G Research/M Assist/build
"ParseDiamondGraph" start time: Nov 24 22:08 CST
Output:
----------------------------------------------------------
timer.r_priority = 30;
timer.r_num_threads = 3;
t1.r_priority = 10;
t1.r_num_threads = 0;
t2.r_priority = 20;
t2.r_num_threads = 0;
t3.r_priority = 30;
t3.r_num_threads = 0;
pip.r_priority = 20;
pip.r_num_threads = 2;
propagation.r_priority = 30;
propagation.r_num_threads = 2;
ipcp.r_priority = 30;
ipcp.r_num_threads = 3;

<end of output>
Test time =   0.16 sec
----------------------------------------------------------
Test Passed.
"ParseDiamondGraph" end time: Nov 24 22:08 CST
"ParseDiamondGraph" time elapsed: 00:00:00
----------------------------------------------------------

3/4 Testing: ParseGraph
3/4 Test: ParseGraph
Command: "/Users/jor/Documents/School/WashU/FL2022/Student/M&G Research/M Assist/build/DAGParser" "/Users/jor/Documents/School/WashU/FL2022/Student/M&G Research/M Assist/TestFiles/graph.dot" "/Users/jor/Documents/School/WashU/FL2022/Student/M&G Research/M Assist/TestFiles/task-system.camkes"
Directory: /Users/jor/Documents/School/WashU/FL2022/Student/M&G Research/M Assist/build
"ParseGraph" start time: Nov 24 22:08 CST
Output:
----------------------------------------------------------
timer.r_priority = 40;
timer.r_num_threads = 4;
t1.r_priority = 10;
t1.r_num_threads = 0;
t2.r_priority = 30;
t2.r_num_threads = 0;
t3.r_priority = 20;
t3.r_num_threads = 0;
t4.r_priority = 40;
t4.r_num_threads = 0;
pip.r_priority = 30;
pip.r_num_threads = 2;
propagation.r_priority = 40;
propagation.r_num_threads = 2;
ipcp.r_priority = 40;
ipcp.r_num_threads = 4;

<end of output>
Test time =   0.16 sec
----------------------------------------------------------
Test Passed.
"ParseGraph" end time: Nov 24 22:08 CST
"ParseGraph" time elapsed: 00:00:00
----------------------------------------------------------

2/4 Testing: GraphTest
2/4 Test: GraphTest
Command: "/Users/jor/Documents/School/WashU/FL2022/Student/M&G Research/M Assist/build/GraphTest"
Directory: /Users/jor/Documents/School/WashU/FL2022/Student/M&G Research/M Assist/build
"GraphTest" start time: Nov 24 22:08 CST
Output:
----------------------------------------------------------
Error: node not a node not found
Error: node not a node not found
Error: self-loop a -> a detected
Error: edge a -> e already exists
Error: cycle g -> e -> a -> g detected
a.r_priority = 10;
a.r_num_threads = 0;
b.r_priority = 20;
b.r_num_threads = 0;
c.r_priority = 30;
c.r_num_threads = 0;
d.r_priority = 40;
d.r_num_threads = 0;
<end of output>
Test time =   0.17 sec
----------------------------------------------------------
Test Passed.
"GraphTest" end time: Nov 24 22:08 CST
"GraphTest" time elapsed: 00:00:00
----------------------------------------------------------

End testing: Nov 24 22:08 CST
