<?xml version="1.0" encoding="UTF-8"?>
<Site BuildName="Darwin-clang++"
	BuildStamp="20221125-0408-Experimental"
	Name="jor.dhcp.wustl.edu"
	Generator="ctest-3.24.3"
	CompilerName="/usr/bin/clang++"
	CompilerVersion="13.1.6.13160021"
	OSName="macOS"
	Hostname="jor.local"
	OSRelease="12.5"
	OSVersion="21G72"
	OSPlatform="arm64"
	Is64Bits="1"
	VendorString="IBM"
	VendorID="IBM"
	FamilyID="16777228"
	ModelID="2"
	ProcessorCacheSize="131072"
	NumberOfLogicalCPU="8"
	NumberOfPhysicalCPU="8"
	TotalVirtualMemory="2048"
	TotalPhysicalMemory="8192"
	LogicalProcessorsPerPhysical="8"
	ProcessorClockFrequency="0"
	>
	<Testing>
		<StartDateTime>Nov 24 22:08 CST</StartDateTime>
		<StartTestTime>1669349332</StartTestTime>
		<TestList>
			<Test>./NodeTest</Test>
			<Test>./ParseDiamondGraph</Test>
			<Test>./ParseGraph</Test>
			<Test>./GraphTest</Test>
		</TestList>
		<Test Status="passed">
			<Name>NodeTest</Name>
			<Path>.</Path>
			<FullName>./NodeTest</FullName>
			<FullCommandLine>/Users/jor/Documents/School/WashU/FL2022/Student/M&amp;G\ Research/M\ Assist/build/NodeTest</FullCommandLine>
			<Results>
				<NamedMeasurement type="numeric/double" name="Execution Time">
					<Value>0.122747</Value>
				</NamedMeasurement>
				<NamedMeasurement type="numeric/double" name="Processors">
					<Value>1</Value>
				</NamedMeasurement>
				<NamedMeasurement type="text/string" name="Completion Status">
					<Value>Completed</Value>
				</NamedMeasurement>
				<NamedMeasurement type="text/string" name="Command Line">
					<Value>/Users/jor/Documents/School/WashU/FL2022/Student/M&amp;G\ Research/M\ Assist/build/NodeTest</Value>
				</NamedMeasurement>
				<NamedMeasurement type="text/string" name="Environment">
					<Value>#CTEST_RESOURCE_GROUP_COUNT=</Value>
				</NamedMeasurement>
				<Measurement>
					<Value encoding="base64" compression="gzip">eJxL1SuKLyjKzC/KLKlUsFUwMrDmSgUK5ZXmxpdkFKUmphSDRK250lDVmRhAhDDUpWOqS8dQZ2jNBQBnBCb+====</Value>
				</Measurement>
			</Results>
		</Test>
		<Test Status="passed">
			<Name>ParseDiamondGraph</Name>
			<Path>.</Path>
			<FullName>./ParseDiamondGraph</FullName>
			<FullCommandLine>/Users/jor/Documents/School/WashU/FL2022/Student/M&amp;G\ Research/M\ Assist/build/DAGParser "/Users/jor/Documents/School/WashU/FL2022/Student/M&amp;G Research/M Assist/TestFiles/diamond-graph.dot" "/Users/jor/Documents/School/WashU/FL2022/Student/M&amp;G Research/M Assist/TestFiles/diamond-task-system.camkes"</FullCommandLine>
			<Results>
				<NamedMeasurement type="numeric/double" name="Execution Time">
					<Value>0.158916</Value>
				</NamedMeasurement>
				<NamedMeasurement type="numeric/double" name="Processors">
					<Value>1</Value>
				</NamedMeasurement>
				<NamedMeasurement type="text/string" name="Completion Status">
					<Value>Completed</Value>
				</NamedMeasurement>
				<NamedMeasurement type="text/string" name="Command Line">
					<Value>/Users/jor/Documents/School/WashU/FL2022/Student/M&amp;G\ Research/M\ Assist/build/DAGParser "/Users/jor/Documents/School/WashU/FL2022/Student/M&amp;G Research/M Assist/TestFiles/diamond-graph.dot" "/Users/jor/Documents/School/WashU/FL2022/Student/M&amp;G Research/M Assist/TestFiles/diamond-task-system.camkes"</Value>
				</NamedMeasurement>
				<NamedMeasurement type="text/string" name="Environment">
					<Value>#CTEST_RESOURCE_GROUP_COUNT=</Value>
				</NamedMeasurement>
				<Measurement>
					<Value encoding="base64" compression="gzip">eJxtkLsNgDAMRHumyAQonxIxSxQBAhckljEF2xNEKCzTvnt3ssywL9RTRIJCwJcZTbBDxw3nc4+80ZLm40lq4KTsbGPSfKiXpv+YNsPPAeHPREA9+kLp+oqpYFoTQ8l6XoaqCzihLjWqftLdVO9swA==</Value>
				</Measurement>
			</Results>
		</Test>
		<Test Status="passed">
			<Name>ParseGraph</Name>
			<Path>.</Path>
			<FullName>./ParseGraph</FullName>
			<FullCommandLine>/Users/jor/Documents/School/WashU/FL2022/Student/M&amp;G\ Research/M\ Assist/build/DAGParser "/Users/jor/Documents/School/WashU/FL2022/Student/M&amp;G Research/M Assist/TestFiles/graph.dot" "/Users/jor/Documents/School/WashU/FL2022/Student/M&amp;G Research/M Assist/TestFiles/task-system.camkes"</FullCommandLine>
			<Results>
				<NamedMeasurement type="numeric/double" name="Execution Time">
					<Value>0.162068</Value>
				</NamedMeasurement>
				<NamedMeasurement type="numeric/double" name="Processors">
					<Value>1</Value>
				</NamedMeasurement>
				<NamedMeasurement type="text/string" name="Completion Status">
					<Value>Completed</Value>
				</NamedMeasurement>
				<NamedMeasurement type="text/string" name="Command Line">
					<Value>/Users/jor/Documents/School/WashU/FL2022/Student/M&amp;G\ Research/M\ Assist/build/DAGParser "/Users/jor/Documents/School/WashU/FL2022/Student/M&amp;G Research/M Assist/TestFiles/graph.dot" "/Users/jor/Documents/School/WashU/FL2022/Student/M&amp;G Research/M Assist/TestFiles/task-system.camkes"</Value>
				</NamedMeasurement>
				<NamedMeasurement type="text/string" name="Environment">
					<Value>#CTEST_RESOURCE_GROUP_COUNT=</Value>
				</NamedMeasurement>
				<Measurement>
					<Value encoding="base64" compression="gzip">eJxtkDEOgDAIRXdP0ROYWrsZz9I0apShliAO3l6NdSB0ff99IDCkhVoKSJAJ+DKj8XZouOD9TIE3WuJ8vMkTdFLubGHSfKmTZv8zbfbSdD/Tpq+c6msmAur1H5SuezBljGtkyLseL0PVBZxQlwpV32tu2WN6SA==</Value>
				</Measurement>
			</Results>
		</Test>
		<Test Status="passed">
			<Name>GraphTest</Name>
			<Path>.</Path>
			<FullName>./GraphTest</FullName>
			<FullCommandLine>/Users/jor/Documents/School/WashU/FL2022/Student/M&amp;G\ Research/M\ Assist/build/GraphTest</FullCommandLine>
			<Results>
				<NamedMeasurement type="numeric/double" name="Execution Time">
					<Value>0.172126</Value>
				</NamedMeasurement>
				<NamedMeasurement type="numeric/double" name="Processors">
					<Value>1</Value>
				</NamedMeasurement>
				<NamedMeasurement type="text/string" name="Completion Status">
					<Value>Completed</Value>
				</NamedMeasurement>
				<NamedMeasurement type="text/string" name="Command Line">
					<Value>/Users/jor/Documents/School/WashU/FL2022/Student/M&amp;G\ Research/M\ Assist/build/GraphTest</Value>
				</NamedMeasurement>
				<NamedMeasurement type="text/string" name="Environment">
					<Value>#CTEST_RESOURCE_GROUP_COUNT=</Value>
				</NamedMeasurement>
				<Measurement>
					<Value encoding="base64" compression="gzip">eJyNzE0OwiAQBeC9p5gL1Pi30uiu52gQpkiC0AzTRG7v2KJNw8bNg7z58lqiSGcI0aAEg1q+fRyD2bR/goS+b3yMg4jmJmGQUTP+ABqL800eT6hMBny5xOkrdNYewc5k2pCwy5DaUjeQi+Q4wxX2u8tUhfHZ8eMzmKSV8r52h1JVTq/dsVSVM2t3KlXl3tzEbKI=</Value>
				</Measurement>
			</Results>
		</Test>
		<EndDateTime>Nov 24 22:08 CST</EndDateTime>
		<EndTestTime>1669349332</EndTestTime>
		<ElapsedMinutes>0</ElapsedMinutes>
	</Testing>
</Site>
